Using pre-set license
Built from '2020.3/staging' branch; Version is '2020.3.18f1 (a7d1c678663c) revision 10998214'; Using compiler version '192528614'; Build Type 'Release'
OS: 'Windows 10 Education; OS build 19042.1288; Version 2009; 64bit' Language: 'en' Physical Memory: 16099 MB
BatchMode: 1, IsHumanControllingUs: 0, StartBugReporterOnCrash: 0, Is64bit: 1, IsPro: 0

COMMAND LINE ARGUMENTS:
C:\Program Files\Unity\Hub\Editor\2020.3.18f1\Editor\Unity.exe
-adb2
-batchMode
-noUpm
-name
AssetImportWorker0
-projectPath
C:/Users/daniel.parent/OneDrive - School District No. 36 (Surrey)/GitHub/Event Management Unit
-logFile
Logs/AssetImportWorker0.log
-srvPort
62071
Successfully changed project path to: C:/Users/daniel.parent/OneDrive - School District No. 36 (Surrey)/GitHub/Event Management Unit
C:/Users/daniel.parent/OneDrive - School District No. 36 (Surrey)/GitHub/Event Management Unit
Using Asset Import Pipeline V2.
Refreshing native plugins compatible for Editor in 23.63 ms, found 2 plugins.
Preloading 0 native plugins for Editor in 0.00 ms.
Initialize engine version: 2020.3.18f1 (a7d1c678663c)
[Subsystems] Discovering subsystems at path C:/Program Files/Unity/Hub/Editor/2020.3.18f1/Editor/Data/Resources/UnitySubsystems
[Subsystems] Discovering subsystems at path C:/Users/daniel.parent/OneDrive - School District No. 36 (Surrey)/GitHub/Event Management Unit/Assets
GfxDevice: creating device client; threaded=0
Direct3D:
    Version:  Direct3D 11.0 [level 11.1]
    Renderer: Intel(R) UHD Graphics 630 (ID=0x9bc8)
    Vendor:   
    VRAM:     8049 MB
    Driver:   26.20.100.8141
Initialize mono
Mono path[0] = 'C:/Program Files/Unity/Hub/Editor/2020.3.18f1/Editor/Data/Managed'
Mono path[1] = 'C:/Program Files/Unity/Hub/Editor/2020.3.18f1/Editor/Data/MonoBleedingEdge/lib/mono/unityjit'
Mono config path = 'C:/Program Files/Unity/Hub/Editor/2020.3.18f1/Editor/Data/MonoBleedingEdge/etc'
Using monoOptions --debugger-agent=transport=dt_socket,embedding=1,server=y,suspend=n,address=127.0.0.1:56248
Begin MonoManager ReloadAssembly
Registering precompiled unity dll's ...
Register platform support module: C:/Program Files/Unity/Hub/Editor/2020.3.18f1/Editor/Data/PlaybackEngines/WebGLSupport/UnityEditor.WebGL.Extensions.dll
Register platform support module: C:/Program Files/Unity/Hub/Editor/2020.3.18f1/Editor/Data/PlaybackEngines/WindowsStandaloneSupport/UnityEditor.WindowsStandalone.Extensions.dll
Registered in 0.001723 seconds.
Native extension for WindowsStandalone target not found
Native extension for WebGL target not found
Refreshing native plugins compatible for Editor in 23.12 ms, found 2 plugins.
Preloading 0 native plugins for Editor in 0.00 ms.
Mono: successfully reloaded assembly
- Completed reload, in  1.769 seconds
Domain Reload Profiling:
	ReloadAssembly (1769ms)
		BeginReloadAssembly (47ms)
			ExecutionOrderSort (0ms)
			DisableScriptedObjects (0ms)
			BackupInstance (0ms)
			ReleaseScriptingObjects (0ms)
			CreateAndSetChildDomain (1ms)
		EndReloadAssembly (328ms)
			LoadAssemblies (45ms)
			RebuildTransferFunctionScriptingTraits (0ms)
			SetupTypeCache (119ms)
			ReleaseScriptCaches (0ms)
			RebuildScriptCaches (26ms)
			SetupLoadedEditorAssemblies (126ms)
				LogAssemblyErrors (0ms)
				InitializePlatformSupportModulesInManaged (4ms)
				SetLoadedEditorAssemblies (0ms)
				RefreshPlugins (23ms)
				BeforeProcessingInitializeOnLoad (13ms)
				ProcessInitializeOnLoadAttributes (63ms)
				ProcessInitializeOnLoadMethodAttributes (22ms)
				AfterProcessingInitializeOnLoad (0ms)
				EditorAssembliesLoaded (0ms)
			ExecutionOrderSort2 (0ms)
			AwakeInstancesAfterBackupRestoration (0ms)
Platform modules already initialized, skipping
Registering precompiled user dll's ...
Registered in 0.002589 seconds.
Begin MonoManager ReloadAssembly
Native extension for WindowsStandalone target not found
Native extension for WebGL target not found
Refreshing native plugins compatible for Editor in 0.25 ms, found 2 plugins.
Preloading 0 native plugins for Editor in 0.00 ms.
Mono: successfully reloaded assembly
- Completed reload, in  0.807 seconds
Domain Reload Profiling:
	ReloadAssembly (807ms)
		BeginReloadAssembly (118ms)
			ExecutionOrderSort (0ms)
			DisableScriptedObjects (4ms)
			BackupInstance (0ms)
			ReleaseScriptingObjects (0ms)
			CreateAndSetChildDomain (14ms)
		EndReloadAssembly (641ms)
			LoadAssemblies (70ms)
			RebuildTransferFunctionScriptingTraits (0ms)
			SetupTypeCache (233ms)
			ReleaseScriptCaches (0ms)
			RebuildScriptCaches (32ms)
			SetupLoadedEditorAssemblies (235ms)
				LogAssemblyErrors (0ms)
				InitializePlatformSupportModulesInManaged (5ms)
				SetLoadedEditorAssemblies (0ms)
				RefreshPlugins (0ms)
				BeforeProcessingInitializeOnLoad (59ms)
				ProcessInitializeOnLoadAttributes (163ms)
				ProcessInitializeOnLoadMethodAttributes (3ms)
				AfterProcessingInitializeOnLoad (5ms)
				EditorAssembliesLoaded (0ms)
			ExecutionOrderSort2 (0ms)
			AwakeInstancesAfterBackupRestoration (5ms)
Platform modules already initialized, skipping
========================================================================
Worker process is ready to serve import requests
Launched and connected shader compiler UnityShaderCompiler.exe after 0.06 seconds
Refreshing native plugins compatible for Editor in 0.25 ms, found 2 plugins.
Preloading 0 native plugins for Editor in 0.00 ms.
Unloading 1401 Unused Serialized files (Serialized files now loaded: 0)
System memory in use before: 77.7 MB.
System memory in use after: 77.8 MB.

Unloading 16 unused Assets to reduce memory usage. Loaded Objects now: 1851.
Total: 2.263100 ms (FindLiveObjects: 0.125100 ms CreateObjectMapping: 0.034400 ms MarkObjects: 2.045300 ms  DeleteObjects: 0.057600 ms)

AssetImportParameters requested are different than current active one (requested -> active):
  requireTextureImportCompression: false -> true
  custom:framework-win-MediaFoundation: 216162199b28c13a410421893ffa2e32 -> 
  custom:video-decoder-ogg-theora: a1e56fd34408186e4bbccfd4996cb3dc -> 
  custom:container-muxer-webm: aa71ff27fc2769a1b78a27578f13a17b -> 
  custom:container-demuxer-webm: 4f35f7cbe854078d1ac9338744f61a02 -> 
  custom:container-demuxer-ogg: 62fdf1f143b41e24485cea50d1cbac27 -> 
  custom:video-encoder-webm-vp8: eb34c28f22e8b96e1ab97ce403110664 -> 
  custom:video-decoder-webm-vp8: 9c59270c3fd7afecdb556c50c9e8de78 -> 
  custom:audio-decoder-ogg-vorbis: bf7c407c2cedff20999df2af8eb42d56 -> 
  custom:audio-encoder-webm-vorbis: bf7c407c2cedff20999df2af8eb42d56 -> 
========================================================================
Received Import Request.
  path: Assets/Prefabs/Player.prefab
  artifactKey: Guid(9a9c118742cb7234a9b0e5e66688eb3e) Importer(815301076,1909f56bfc062723c751e8b465ee728b)
Start importing Assets/Prefabs/Player.prefab using Guid(9a9c118742cb7234a9b0e5e66688eb3e) Importer(815301076,1909f56bfc062723c751e8b465ee728b)  -> (artifact id: '5583362fb5014b420678e6c2eee50ebc') in 0.077844 seconds 
  Import took 0.080000 seconds .

========================================================================
Received Import Request.
  Time since last request: 0.357018 seconds.
  path: Assets/Prefabs/Player.prefab
  artifactKey: Guid(9a9c118742cb7234a9b0e5e66688eb3e) Importer(815301076,1909f56bfc062723c751e8b465ee728b)
Start importing Assets/Prefabs/Player.prefab using Guid(9a9c118742cb7234a9b0e5e66688eb3e) Importer(815301076,1909f56bfc062723c751e8b465ee728b)  -> (artifact id: '5d8c4bcf5e086d79f6a5db9c8e816cd5') in 0.017773 seconds 
  Import took 0.021185 seconds .

========================================================================
Received Import Request.
  Time since last request: 2.369516 seconds.
  path: Assets/Prefabs/Player.prefab
  artifactKey: Guid(9a9c118742cb7234a9b0e5e66688eb3e) Importer(815301076,1909f56bfc062723c751e8b465ee728b)
Start importing Assets/Prefabs/Player.prefab using Guid(9a9c118742cb7234a9b0e5e66688eb3e) Importer(815301076,1909f56bfc062723c751e8b465ee728b)  -> (artifact id: '906ee13ef079afb0045705bfb186180f') in 0.015324 seconds 
  Import took 0.019083 seconds .

========================================================================
Received Import Request.
  Time since last request: 5.620337 seconds.
  path: Assets/Prefabs/Player.prefab
  artifactKey: Guid(9a9c118742cb7234a9b0e5e66688eb3e) Importer(815301076,1909f56bfc062723c751e8b465ee728b)
Start importing Assets/Prefabs/Player.prefab using Guid(9a9c118742cb7234a9b0e5e66688eb3e) Importer(815301076,1909f56bfc062723c751e8b465ee728b)  -> (artifact id: '6c23fe8db008aaac6a46c2c57fd38083') in 0.016146 seconds 
  Import took 0.018996 seconds .

========================================================================
Received Import Request.
  Time since last request: 2.614520 seconds.
  path: Assets/Prefabs/Player.prefab
  artifactKey: Guid(9a9c118742cb7234a9b0e5e66688eb3e) Importer(815301076,1909f56bfc062723c751e8b465ee728b)
Start importing Assets/Prefabs/Player.prefab using Guid(9a9c118742cb7234a9b0e5e66688eb3e) Importer(815301076,1909f56bfc062723c751e8b465ee728b)  -> (artifact id: 'b85cbe4474b51e0001c5840f2df2836a') in 0.011653 seconds 
  Import took 0.015700 seconds .

========================================================================
Received Import Request.
  Time since last request: 1.806239 seconds.
  path: Assets/Prefabs/Player.prefab
  artifactKey: Guid(9a9c118742cb7234a9b0e5e66688eb3e) Importer(815301076,1909f56bfc062723c751e8b465ee728b)
Start importing Assets/Prefabs/Player.prefab using Guid(9a9c118742cb7234a9b0e5e66688eb3e) Importer(815301076,1909f56bfc062723c751e8b465ee728b)  -> (artifact id: '561fca7b8b3f4e772b8e60bbd98deb92') in 0.009836 seconds 
  Import took 0.012853 seconds .

========================================================================
Received Import Request.
  Time since last request: 2.411755 seconds.
  path: Assets/Prefabs/Player.prefab
  artifactKey: Guid(9a9c118742cb7234a9b0e5e66688eb3e) Importer(815301076,1909f56bfc062723c751e8b465ee728b)
Start importing Assets/Prefabs/Player.prefab using Guid(9a9c118742cb7234a9b0e5e66688eb3e) Importer(815301076,1909f56bfc062723c751e8b465ee728b)  -> (artifact id: 'fd4e52d0cd5125301058f3cb5de2854e') in 0.008063 seconds 
  Import took 0.011386 seconds .

========================================================================
Received Import Request.
  Time since last request: 2.615036 seconds.
  path: Assets/Prefabs/Player.prefab
  artifactKey: Guid(9a9c118742cb7234a9b0e5e66688eb3e) Importer(815301076,1909f56bfc062723c751e8b465ee728b)
Start importing Assets/Prefabs/Player.prefab using Guid(9a9c118742cb7234a9b0e5e66688eb3e) Importer(815301076,1909f56bfc062723c751e8b465ee728b)  -> (artifact id: '014b07d0e7e828037655a8b284aace88') in 0.008780 seconds 
  Import took 0.011697 seconds .

========================================================================
Received Import Request.
  Time since last request: 28.026316 seconds.
  path: Assets/New Material 1.mat
  artifactKey: Guid(50ef67b4a1e599549b6b9cfb565855e6) Importer(815301076,1909f56bfc062723c751e8b465ee728b)
Start importing Assets/New Material 1.mat using Guid(50ef67b4a1e599549b6b9cfb565855e6) Importer(815301076,1909f56bfc062723c751e8b465ee728b)  -> (artifact id: 'ca90e4a6e8bcf54b734769f1047eda1a') in 0.033171 seconds 
  Import took 0.035839 seconds .

========================================================================
Received Import Request.
  Time since last request: 47.744557 seconds.
  path: Assets/SimplePlayerController.cs
  artifactKey: Guid(9e75b38b56ba271419c6aa48672ba923) Importer(815301076,1909f56bfc062723c751e8b465ee728b)
Start importing Assets/SimplePlayerController.cs using Guid(9e75b38b56ba271419c6aa48672ba923) Importer(815301076,1909f56bfc062723c751e8b465ee728b)  -> (artifact id: '9ae6b591fd8d400595399ec568d92965') in 0.017860 seconds 
  Import took 0.020928 seconds .

========================================================================
Received Import Request.
  Time since last request: 0.001521 seconds.
  path: Assets/SimplePlayerController.cs
  artifactKey: Guid(9e75b38b56ba271419c6aa48672ba923) Importer(815301076,1909f56bfc062723c751e8b465ee728b)
Start importing Assets/SimplePlayerController.cs using Guid(9e75b38b56ba271419c6aa48672ba923) Importer(815301076,1909f56bfc062723c751e8b465ee728b)  -> (artifact id: '9ae6b591fd8d400595399ec568d92965') in 0.003427 seconds 
  Import took 0.006885 seconds .

========================================================================
Received Import Request.
  Time since last request: 102.258806 seconds.
  path: Assets/SimplePlayerController.cs
  artifactKey: Guid(9e75b38b56ba271419c6aa48672ba923) Importer(815301076,1909f56bfc062723c751e8b465ee728b)
Start importing Assets/SimplePlayerController.cs using Guid(9e75b38b56ba271419c6aa48672ba923) Importer(815301076,1909f56bfc062723c751e8b465ee728b)  -> (artifact id: '52d79ac3d83a6c098d6ff51fa0ff66d7') in 0.002372 seconds 
  Import took 0.005345 seconds .

========================================================================
Received Import Request.
  Time since last request: 4.989057 seconds.
  path: Assets/SimplePlayerController.cs
  artifactKey: Guid(9e75b38b56ba271419c6aa48672ba923) Importer(815301076,1909f56bfc062723c751e8b465ee728b)
Start importing Assets/SimplePlayerController.cs using Guid(9e75b38b56ba271419c6aa48672ba923) Importer(815301076,1909f56bfc062723c751e8b465ee728b)  -> (artifact id: '1eba24417e0ecf44ed4d3dd8248e3138') in 0.002461 seconds 
  Import took 0.005312 seconds .

========================================================================
Received Prepare
Registering precompiled user dll's ...
Registered in 0.002604 seconds.
Begin MonoManager ReloadAssembly
Native extension for WindowsStandalone target not found
Native extension for WebGL target not found
Refreshing native plugins compatible for Editor in 0.25 ms, found 2 plugins.
Preloading 0 native plugins for Editor in 0.00 ms.
Mono: successfully reloaded assembly
- Completed reload, in  0.794 seconds
Domain Reload Profiling:
	ReloadAssembly (794ms)
		BeginReloadAssembly (107ms)
			ExecutionOrderSort (0ms)
			DisableScriptedObjects (3ms)
			BackupInstance (0ms)
			ReleaseScriptingObjects (0ms)
			CreateAndSetChildDomain (29ms)
		EndReloadAssembly (631ms)
			LoadAssemblies (79ms)
			RebuildTransferFunctionScriptingTraits (0ms)
			SetupTypeCache (230ms)
			ReleaseScriptCaches (1ms)
			RebuildScriptCaches (29ms)
			SetupLoadedEditorAssemblies (223ms)
				LogAssemblyErrors (0ms)
				InitializePlatformSupportModulesInManaged (5ms)
				SetLoadedEditorAssemblies (0ms)
				RefreshPlugins (0ms)
				BeforeProcessingInitializeOnLoad (57ms)
				ProcessInitializeOnLoadAttributes (153ms)
				ProcessInitializeOnLoadMethodAttributes (3ms)
				AfterProcessingInitializeOnLoad (5ms)
				EditorAssembliesLoaded (0ms)
			ExecutionOrderSort2 (0ms)
			AwakeInstancesAfterBackupRestoration (5ms)
Platform modules already initialized, skipping
Refreshing native plugins compatible for Editor in 0.29 ms, found 2 plugins.
Preloading 0 native plugins for Editor in 0.00 ms.
Unloading 1395 Unused Serialized files (Serialized files now loaded: 0)
System memory in use before: 81.0 MB.
System memory in use after: 81.1 MB.

Unloading 12 unused Assets to reduce memory usage. Loaded Objects now: 1895.
Total: 2.184400 ms (FindLiveObjects: 0.125000 ms CreateObjectMapping: 0.030000 ms MarkObjects: 2.013500 ms  DeleteObjects: 0.015400 ms)

AssetImportParameters requested are different than current active one (requested -> active):
  requireTextureImportCompression: false -> true
  custom:framework-win-MediaFoundation: 216162199b28c13a410421893ffa2e32 -> 
  custom:video-decoder-ogg-theora: a1e56fd34408186e4bbccfd4996cb3dc -> 
  custom:container-muxer-webm: aa71ff27fc2769a1b78a27578f13a17b -> 
  custom:container-demuxer-webm: 4f35f7cbe854078d1ac9338744f61a02 -> 
  custom:container-demuxer-ogg: 62fdf1f143b41e24485cea50d1cbac27 -> 
  custom:video-encoder-webm-vp8: eb34c28f22e8b96e1ab97ce403110664 -> 
  custom:video-decoder-webm-vp8: 9c59270c3fd7afecdb556c50c9e8de78 -> 
  custom:audio-decoder-ogg-vorbis: bf7c407c2cedff20999df2af8eb42d56 -> 
  custom:audio-encoder-webm-vorbis: bf7c407c2cedff20999df2af8eb42d56 -> 
========================================================================
Received Prepare
Registering precompiled user dll's ...
Registered in 0.002598 seconds.
Begin MonoManager ReloadAssembly
Native extension for WindowsStandalone target not found
Native extension for WebGL target not found
Refreshing native plugins compatible for Editor in 0.26 ms, found 2 plugins.
Preloading 0 native plugins for Editor in 0.00 ms.
Mono: successfully reloaded assembly
- Completed reload, in  0.753 seconds
Domain Reload Profiling:
	ReloadAssembly (753ms)
		BeginReloadAssembly (91ms)
			ExecutionOrderSort (0ms)
			DisableScriptedObjects (5ms)
			BackupInstance (0ms)
			ReleaseScriptingObjects (0ms)
			CreateAndSetChildDomain (24ms)
		EndReloadAssembly (614ms)
			LoadAssemblies (68ms)
			RebuildTransferFunctionScriptingTraits (0ms)
			SetupTypeCache (211ms)
			ReleaseScriptCaches (1ms)
			RebuildScriptCaches (32ms)
			SetupLoadedEditorAssemblies (225ms)
				LogAssemblyErrors (0ms)
				InitializePlatformSupportModulesInManaged (5ms)
				SetLoadedEditorAssemblies (0ms)
				RefreshPlugins (0ms)
				BeforeProcessingInitializeOnLoad (56ms)
				ProcessInitializeOnLoadAttributes (156ms)
				ProcessInitializeOnLoadMethodAttributes (3ms)
				AfterProcessingInitializeOnLoad (5ms)
				EditorAssembliesLoaded (0ms)
			ExecutionOrderSort2 (0ms)
			AwakeInstancesAfterBackupRestoration (5ms)
Platform modules already initialized, skipping
Refreshing native plugins compatible for Editor in 0.26 ms, found 2 plugins.
Preloading 0 native plugins for Editor in 0.00 ms.
Unloading 1395 Unused Serialized files (Serialized files now loaded: 0)
System memory in use before: 81.0 MB.
System memory in use after: 81.1 MB.

Unloading 11 unused Assets to reduce memory usage. Loaded Objects now: 1897.
Total: 7.319900 ms (FindLiveObjects: 0.277100 ms CreateObjectMapping: 0.093700 ms MarkObjects: 6.908600 ms  DeleteObjects: 0.038700 ms)

AssetImportParameters requested are different than current active one (requested -> active):
  requireTextureImportCompression: false -> true
  custom:framework-win-MediaFoundation: 216162199b28c13a410421893ffa2e32 -> 
  custom:video-decoder-ogg-theora: a1e56fd34408186e4bbccfd4996cb3dc -> 
  custom:container-muxer-webm: aa71ff27fc2769a1b78a27578f13a17b -> 
  custom:container-demuxer-webm: 4f35f7cbe854078d1ac9338744f61a02 -> 
  custom:container-demuxer-ogg: 62fdf1f143b41e24485cea50d1cbac27 -> 
  custom:video-encoder-webm-vp8: eb34c28f22e8b96e1ab97ce403110664 -> 
  custom:video-decoder-webm-vp8: 9c59270c3fd7afecdb556c50c9e8de78 -> 
  custom:audio-decoder-ogg-vorbis: bf7c407c2cedff20999df2af8eb42d56 -> 
  custom:audio-encoder-webm-vorbis: bf7c407c2cedff20999df2af8eb42d56 -> 
========================================================================
Received Import Request.
  Time since last request: 19.962521 seconds.
  path: Assets/New Material 1.mat
  artifactKey: Guid(50ef67b4a1e599549b6b9cfb565855e6) Importer(815301076,1909f56bfc062723c751e8b465ee728b)
Start importing Assets/New Material 1.mat using Guid(50ef67b4a1e599549b6b9cfb565855e6) Importer(815301076,1909f56bfc062723c751e8b465ee728b)  -> (artifact id: 'cb6b7ff793ce2d5189688b7e79a2ac30') in 0.051709 seconds 
  Import took 0.054729 seconds .

========================================================================
Received Import Request.
  Time since last request: 0.980032 seconds.
  path: Assets/New Material 1.mat
  artifactKey: Guid(50ef67b4a1e599549b6b9cfb565855e6) Importer(815301076,1909f56bfc062723c751e8b465ee728b)
Start importing Assets/New Material 1.mat using Guid(50ef67b4a1e599549b6b9cfb565855e6) Importer(815301076,1909f56bfc062723c751e8b465ee728b)  -> (artifact id: 'cb6b7ff793ce2d5189688b7e79a2ac30') in 0.017534 seconds 
  Import took 0.020766 seconds .

